<?xml version="1.0" encoding="UTF-8"?>
<!-- Generated by org.testng.reporters.JUnitReportReporter -->
<testsuite skipped="0" hostname="DESKTOP-2TR3QCD" name="Com.OrangeHRM.Testcases.DashboardPageTest" tests="1" failures="0" timestamp="11 Apr 2019 10:58:19 GMT" time="12.391" errors="0">
  <testcase name="verifyDashboardPageTitle" time="12.391" classname="Com.OrangeHRM.Testcases.DashboardPageTest"/>
</testsuite> <!-- Com.OrangeHRM.Testcases.DashboardPageTest -->
