<?xml version="1.0" encoding="UTF-8"?>
<!-- Generated by org.testng.reporters.JUnitReportReporter -->
<testsuite skipped="0" hostname="DESKTOP-2TR3QCD" name="Com.OrangeHRM.Testcases.LoginPageTest" tests="2" failures="0" timestamp="11 Apr 2019 08:03:51 GMT" time="35.947" errors="0">
  <testcase name="loginPageTitle" time="14.709" classname="Com.OrangeHRM.Testcases.LoginPageTest"/>
  <testcase name="loginTest" time="21.238" classname="Com.OrangeHRM.Testcases.LoginPageTest"/>
</testsuite> <!-- Com.OrangeHRM.Testcases.LoginPageTest -->
